<?xml version="1.0" encoding="UTF-8"?>
<!-- Generated by org.testng.reporters.JUnitReportReporter -->
<testsuite hostname="Fidas-MacBook-Pro.local" failures="0" tests="3" name="cucumberOptions.TestRunner" time="15.472" errors="0" timestamp="12 Jul 2020 00:26:01 GMT" skipped="0">
  <testcase classname="cucumberOptions.TestRunner" name="runScenario" time="4.995"/>
  <testcase classname="cucumberOptions.TestRunner" name="runScenario" time="5.304"/>
  <testcase classname="cucumberOptions.TestRunner" name="runScenario" time="5.173"/>
</testsuite> <!-- cucumberOptions.TestRunner -->
